<?xml version="1.0" encoding="UTF-8"?>
<!-- Generated by org.testng.reporters.JUnitXMLReporter -->
<testsuite ignored="0" hostname="DESKTOP-0UE9EKQ" failures="1" tests="9" name="Default test" time="32.367" errors="0" timestamp="2025-06-16T18:49:23 IST">
  <testcase classname="pageTestClass.LoginPageTest" name="invalidUsername" time="1.67"/>
  <testcase classname="pageTestClass.LoginPageTest" name="invalidpassword" time="0.75"/>
  <testcase classname="pageTestClass.LoginPageTest" name="emptyusername" time="0.751"/>
  <testcase classname="pageTestClass.LoginPageTest" name="emptypassword" time="0.662"/>
  <testcase classname="pageTestClass.LoginPageTest" name="emptyusernameandpassword" time="0.586"/>
  <testcase classname="pageTestClass.LoginPageTest" name="UsernameandpasswordCaseSensitive" time="0.693"/>
  <testcase classname="pageTestClass.LoginPageTest" name="SqlInjection" time="0.735"/>
  <testcase classname="pageTestClass.LoginPageTest" name="vaildCredentials" time="0.723"/>
  <testcase classname="pageTestClass.LoginPageTest" name="LodingPagetime" time="5.027">
    <failure type="org.testng.internal.thread.ThreadTimeoutException" message="Method pageTestClass.LoginPageTest.LodingPagetime() didn&amp;apos;t finish within the time-out 5000">
      <![CDATA[org.testng.internal.thread.ThreadTimeoutException: Method pageTestClass.LoginPageTest.LodingPagetime() didn't finish within the time-out 5000
at java.base/jdk.internal.misc.Unsafe.park(Native Method)
at java.base/java.util.concurrent.locks.LockSupport.parkNanos(LockSupport.java:269)
at java.base/java.util.concurrent.CompletableFuture$Signaller.block(CompletableFuture.java:1910)
at java.base/java.util.concurrent.ForkJoinPool.unmanagedBlock(ForkJoinPool.java:4021)
at java.base/java.util.concurrent.ForkJoinPool.managedBlock(ForkJoinPool.java:3967)
at java.base/java.util.concurrent.CompletableFuture.timedGet(CompletableFuture.java:1983)
at java.base/java.util.concurrent.CompletableFuture.get(CompletableFuture.java:2139)
at org.openqa.selenium.remote.http.jdk.JdkHttpClient.execute0(JdkHttpClient.java:382)
at org.openqa.selenium.remote.http.AddSeleniumUserAgent.lambda$apply$0(AddSeleniumUserAgent.java:42)
at org.openqa.selenium.remote.http.Filter.lambda$andFinally$1(Filter.java:55)
at org.openqa.selenium.remote.http.jdk.JdkHttpClient.execute(JdkHttpClient.java:355)
at org.openqa.selenium.remote.HttpCommandExecutor.execute(HttpCommandExecutor.java:187)
at org.openqa.selenium.remote.service.DriverCommandExecutor.invokeExecute(DriverCommandExecutor.java:216)
at org.openqa.selenium.remote.service.DriverCommandExecutor.execute(DriverCommandExecutor.java:174)
at org.openqa.selenium.remote.RemoteWebDriver.execute(RemoteWebDriver.java:518)
at org.openqa.selenium.remote.ElementLocation$ElementFinder$2.findElement(ElementLocation.java:165)
at org.openqa.selenium.remote.ElementLocation.findElement(ElementLocation.java:59)
at org.openqa.selenium.remote.RemoteWebDriver.findElement(RemoteWebDriver.java:355)
at org.openqa.selenium.remote.RemoteWebDriver.findElement(RemoteWebDriver.java:349)
at pageObjectModel.LoginPage.loginbuttondisplayed(LoginPage.java:37)
at pageTestClass.LoginPageTest.LodingPagetime(LoginPageTest.java:73)
at java.base/jdk.internal.reflect.DirectMethodHandleAccessor.invoke(DirectMethodHandleAccessor.java:103)
at java.base/java.lang.reflect.Method.invoke(Method.java:580)
at org.testng.internal.invokers.MethodInvocationHelper.invokeMethod(MethodInvocationHelper.java:139)
at org.testng.internal.invokers.InvokeMethodRunnable.runOne(InvokeMethodRunnable.java:47)
at org.testng.internal.invokers.InvokeMethodRunnable.call(InvokeMethodRunnable.java:76)
at org.testng.internal.invokers.InvokeMethodRunnable.call(InvokeMethodRunnable.java:11)
at java.base/java.util.concurrent.FutureTask.run(FutureTask.java:317)
at java.base/java.util.concurrent.ThreadPoolExecutor.runWorker(ThreadPoolExecutor.java:1144)
at java.base/java.util.concurrent.ThreadPoolExecutor$Worker.run(ThreadPoolExecutor.java:642)
at java.base/java.lang.Thread.run(Thread.java:1575)
]]>
    </failure>
  </testcase> <!-- LodingPagetime -->
</testsuite> <!-- Default test -->
